<?xml version="1.0" encoding="UTF-8"?>
<testsuite xmlns:xsi="http://www.w3.org/2001/XMLSchema-instance" xsi:noNamespaceSchemaLocation="https://maven.apache.org/surefire/maven-surefire-plugin/xsd/surefire-test-report.xsd" version="3.0.2" name="com.ev.charging.system.test.ChargingStationServiceTest" time="0.317" tests="6" errors="0" skipped="0" failures="0">
  <properties>
[...]
</properties>
  <testcase name="testGetChargingStationById_WhenFound" classname="com.ev.charging.system.test.ChargingStationServiceTest" time="0.269"/>
  <testcase name="testGetAllChargingStations" classname="com.ev.charging.system.test.ChargingStationServiceTest" time="0.023"/>
  <testcase name="testGetChargingStationById_WhenNotFound" classname="com.ev.charging.system.test.ChargingStationServiceTest" time="0.005"/>
  <testcase name="testDeleteChargingStation" classname="com.ev.charging.system.test.ChargingStationServiceTest" time="0.006"/>
  <testcase name="testCreateChargingStation" classname="com.ev.charging.system.test.ChargingStationServiceTest" time="0.003"/>
  <testcase name="testUpdateChargingStation" classname="com.ev.charging.system.test.ChargingStationServiceTest" time="0.008"/>
</testsuite>